[debug] [2025-09-16T19:02:02.730Z] ----------------------------------------------------------------------
[debug] [2025-09-16T19:02:02.736Z] Command:       C:\Program Files\nodejs\node.exe C:\Program Files\nodejs\node_modules\firebase-tools\lib\bin\firebase.js init
[debug] [2025-09-16T19:02:02.737Z] CLI Version:   14.16.0
[debug] [2025-09-16T19:02:02.737Z] Platform:      win32
[debug] [2025-09-16T19:02:02.737Z] Node Version:  v20.19.5
[debug] [2025-09-16T19:02:02.737Z] Time:          Wed Sep 17 2025 00:32:02 GMT+0530 (India Standard Time)
[debug] [2025-09-16T19:02:02.738Z] ----------------------------------------------------------------------
[debug] 
[debug] [2025-09-16T19:02:02.748Z] > command requires scopes: ["email","openid","https://www.googleapis.com/auth/cloudplatformprojects.readonly","https://www.googleapis.com/auth/firebase","https://www.googleapis.com/auth/cloud-platform"]
[debug] [2025-09-16T19:02:02.749Z] > authorizing via signed-in user (gamingzone.09990@gmail.com)
[info] 
     ######## #### ########  ######## ########     ###     ######  ########
     ##        ##  ##     ## ##       ##     ##  ##   ##  ##       ##
     ######    ##  ########  ######   ########  #########  ######  ######
     ##        ##  ##    ##  ##       ##     ## ##     ##       ## ##
     ##       #### ##     ## ######## ########  ##     ##  ######  ########

You're about to initialize a Firebase project in this directory:

  C:\Users\AMIYA PIYUSH\OneDrive\Desktop\resume_agent_backend

[info] 
=== Project Setup
[info] 
[info] First, let's associate this project directory with a Firebase project.
[info] You can create multiple project aliases by running firebase use --add, 
[info] but for now we'll just set up a default project.
[info] 
[debug] [2025-09-16T19:02:19.238Z] Checked if tokens are valid: true, expires at: 1758052909053
[debug] [2025-09-16T19:02:19.239Z] Checked if tokens are valid: true, expires at: 1758052909053
[debug] [2025-09-16T19:02:19.241Z] >>> [apiv2][query] GET https://firebase.googleapis.com/v1beta1/projects pageSize=100
[debug] [2025-09-16T19:02:20.392Z] <<< [apiv2][status] GET https://firebase.googleapis.com/v1beta1/projects 200
[debug] [2025-09-16T19:02:20.392Z] <<< [apiv2][body] GET https://firebase.googleapis.com/v1beta1/projects [omitted]
[info] i  Using project resumebuilderbackend (ResumeBuilderBackend) 
[info] 
=== Hosting Setup
[debug] [2025-09-16T19:02:22.320Z] Checked if tokens are valid: true, expires at: 1758052909053
[debug] [2025-09-16T19:02:22.320Z] Checked if tokens are valid: true, expires at: 1758052909053
[debug] [2025-09-16T19:02:22.320Z] >>> [apiv2][query] GET https://firebase.googleapis.com/v1beta1/projects/resumebuilderbackend [none]
[debug] [2025-09-16T19:02:22.775Z] <<< [apiv2][status] GET https://firebase.googleapis.com/v1beta1/projects/resumebuilderbackend 200
[debug] [2025-09-16T19:02:22.775Z] <<< [apiv2][body] GET https://firebase.googleapis.com/v1beta1/projects/resumebuilderbackend {"projectId":"resumebuilderbackend","projectNumber":"400054456623","displayName":"ResumeBuilderBackend","name":"projects/resumebuilderbackend","resources":{"hostingSite":"resumebuilderbackend"},"state":"ACTIVE","etag":"1_0fec5fd1-b89a-4f73-89e7-24d2c8fd0b9d"}
[info] 
[info] Your public directory is the folder (relative to your project directory) that
[info] will contain Hosting assets to be uploaded with firebase deploy. If you
[info] have a build process for your assets, use your build's output directory.
[info] 
[debug] [2025-09-16T19:02:34.655Z] ExitPromptError: User force closed the prompt with SIGINT
    at Interface.sigint (C:\Users\AMIYA PIYUSH\AppData\Roaming\nvm\v20.19.5\node_modules\firebase-tools\node_modules\@inquirer\core\dist\commonjs\lib\create-prompt.js:101:37)
    at Interface.emit (node:events:524:28)
    at Interface.emit (node:domain:489:12)
    at [_ttyWrite] [as _ttyWrite] (node:internal/readline/interface:1128:18)
    at ReadStream.onkeypress (node:internal/readline/interface:267:20)
    at ReadStream.emit (node:events:536:35)
    at ReadStream.emit (node:domain:489:12)
    at emitKeys (node:internal/readline/utils:371:14)
    at emitKeys.next (<anonymous>)
    at ReadStream.onData (node:internal/readline/emitKeypressEvents:64:36)
[error] 
[error] Error: An unexpected error has occurred.
